<?xml version="1.0" encoding="UTF-8"?>
<testng-results skipped="0" failed="0" ignored="0" total="2" passed="2">
  <reporter-output>
  </reporter-output>
  <suite name="Suite" duration-ms="22969" started-at="2021-05-07T03:03:22Z" finished-at="2021-05-07T03:03:45Z">
    <groups>
    </groups>
    <test name="Test" duration-ms="22969" started-at="2021-05-07T03:03:22Z" finished-at="2021-05-07T03:03:45Z">
      <class name="com.banking.testcases.LoginTest">
        <test-method status="PASS" signature="setup()[pri:0, instance:com.banking.testcases.LoginTest@f6c48ac]" name="setup" is-config="true" duration-ms="5157" started-at="2021-05-07T03:03:36Z" finished-at="2021-05-07T03:03:41Z">
          <reporter-output>
          </reporter-output>
        </test-method> <!-- setup -->
        <test-method status="PASS" signature="loginAsBankManager()[pri:0, instance:com.banking.testcases.LoginTest@f6c48ac]" name="loginAsBankManager" duration-ms="2152" started-at="2021-05-07T03:03:41Z" finished-at="2021-05-07T03:03:43Z">
          <reporter-output>
          </reporter-output>
        </test-method> <!-- loginAsBankManager -->
        <test-method status="PASS" signature="tearDown()[pri:0, instance:com.banking.testcases.LoginTest@f6c48ac]" name="tearDown" is-config="true" duration-ms="1353" started-at="2021-05-07T03:03:44Z" finished-at="2021-05-07T03:03:45Z">
          <reporter-output>
          </reporter-output>
        </test-method> <!-- tearDown -->
      </class> <!-- com.banking.testcases.LoginTest -->
      <class name="com.banking.testcases.AddNewCustomerTest">
        <test-method status="PASS" signature="setup()[pri:0, instance:com.banking.testcases.AddNewCustomerTest@464bee09]" name="setup" is-config="true" duration-ms="5825" started-at="2021-05-07T03:03:22Z" finished-at="2021-05-07T03:03:28Z">
          <reporter-output>
          </reporter-output>
        </test-method> <!-- setup -->
        <test-method status="PASS" signature="addCustomer(java.lang.String, java.lang.String, java.lang.String, java.lang.String, java.lang.String, java.lang.String, java.lang.String, java.lang.String, java.lang.String, java.lang.String)[pri:0, instance:com.banking.testcases.AddNewCustomerTest@464bee09]" name="addCustomer" duration-ms="5463" started-at="2021-05-07T03:03:29Z" data-provider="getData" finished-at="2021-05-07T03:03:34Z">
          <params>
            <param index="0">
              <value>
                <![CDATA[baby]]>
              </value>
            </param>
            <param index="1">
              <value>
                <![CDATA[f]]>
              </value>
            </param>
            <param index="2">
              <value>
                <![CDATA[10102000]]>
              </value>
            </param>
            <param index="3">
              <value>
                <![CDATA[Hyderabad]]>
              </value>
            </param>
            <param index="4">
              <value>
                <![CDATA[Hyderabad]]>
              </value>
            </param>
            <param index="5">
              <value>
                <![CDATA[Telangana]]>
              </value>
            </param>
            <param index="6">
              <value>
                <![CDATA[500000]]>
              </value>
            </param>
            <param index="7">
              <value>
                <![CDATA[9874512222]]>
              </value>
            </param>
            <param index="8">
              <value>
                <![CDATA[baby12@gmail.com]]>
              </value>
            </param>
            <param index="9">
              <value>
                <![CDATA[SJHHAS78]]>
              </value>
            </param>
          </params>
          <reporter-output>
          </reporter-output>
        </test-method> <!-- addCustomer -->
        <test-method status="PASS" signature="tearDown()[pri:0, instance:com.banking.testcases.AddNewCustomerTest@464bee09]" name="tearDown" is-config="true" duration-ms="1285" started-at="2021-05-07T03:03:35Z" finished-at="2021-05-07T03:03:36Z">
          <reporter-output>
          </reporter-output>
        </test-method> <!-- tearDown -->
      </class> <!-- com.banking.testcases.AddNewCustomerTest -->
    </test> <!-- Test -->
  </suite> <!-- Suite -->
</testng-results>
