<?xml version="1.0" encoding="UTF-8"?>
<testsuite xmlns:xsi="http://www.w3.org/2001/XMLSchema-instance" xsi:noNamespaceSchemaLocation="https://maven.apache.org/surefire/maven-surefire-plugin/xsd/surefire-test-report-3.0.xsd" version="3.0" name="TestSuite" time="24.404" tests="2" errors="0" skipped="0" failures="0">
  <properties>
[...]
</properties>
  <testcase name="addCustomer[baby, f, 10102000, Hyderabad, Hyderabad, Telangana, 500000, 9874512222, baby12@gmail.com, SJHHAS78](1)" classname="com.banking.testcases.AddNewCustomerTest" time="5.692">
    <system-out><![CDATA[driver is loaded succesfully!
URL is loaded succesfully!
1
10
username is entered
password is entered
login button is clicked
add new customer button is clicked
customername is entered
gender is clicked
dob is entered
address is entered
city is entered
state is entered
pin is entered
mobilenumber is entered
email is entered
password is entered
]]></system-out>
    <system-err><![CDATA[Starting ChromeDriver 90.0.4430.24 (4c6d850f087da467d926e8eddb76550aed655991-refs/branch-heads/4430@{#429}) on port 31420
Only local connections are allowed.
Please see https://chromedriver.chromium.org/security-considerations for suggestions on keeping ChromeDriver safe.
ChromeDriver was started successfully.
May 07, 2021 8:33:25 AM org.openqa.selenium.remote.ProtocolHandshake createSession
INFO: Detected dialect: W3C
]]></system-err>
  </testcase>
  <testcase name="loginAsBankManager" classname="com.banking.testcases.LoginTest" time="2.494">
    <system-out><![CDATA[driver is closed succesfully!
driver is loaded succesfully!
URL is loaded succesfully!
username is entered
password is entered
login button is clicked
]]></system-out>
    <system-err><![CDATA[Starting ChromeDriver 90.0.4430.24 (4c6d850f087da467d926e8eddb76550aed655991-refs/branch-heads/4430@{#429}) on port 5654
Only local connections are allowed.
Please see https://chromedriver.chromium.org/security-considerations for suggestions on keeping ChromeDriver safe.
ChromeDriver was started successfully.
May 07, 2021 8:33:39 AM org.openqa.selenium.remote.ProtocolHandshake createSession
INFO: Detected dialect: W3C
]]></system-err>
  </testcase>
</testsuite>